<?xml version="1.0" encoding="UTF-8"?>
<testsuite name="com.mountainwind.demo.orc.races.OcrRacesApplicationTests" tests="1" skipped="0" failures="0" errors="0" timestamp="2016-08-28T04:03:22" hostname="home-notebook" time="0.017">
  <properties/>
  <testcase name="contextLoads" classname="com.mountainwind.demo.orc.races.OcrRacesApplicationTests" time="0.017"/>
  <system-out><![CDATA[12:03:16.776 [Test worker] DEBUG org.springframework.test.context.junit4.SpringJUnit4ClassRunner - SpringJUnit4ClassRunner constructor called with [class com.mountainwind.demo.orc.races.OcrRacesApplicationTests]
12:03:16.783 [Test worker] DEBUG org.springframework.test.context.BootstrapUtils - Instantiating CacheAwareContextLoaderDelegate from class [org.springframework.test.context.cache.DefaultCacheAwareContextLoaderDelegate]
12:03:16.794 [Test worker] DEBUG org.springframework.test.context.BootstrapUtils - Instantiating BootstrapContext using constructor [public org.springframework.test.context.support.DefaultBootstrapContext(java.lang.Class,org.springframework.test.context.CacheAwareContextLoaderDelegate)]
12:03:16.813 [Test worker] DEBUG org.springframework.test.context.BootstrapUtils - Instantiating TestContextBootstrapper for test class [com.mountainwind.demo.orc.races.OcrRacesApplicationTests] from class [org.springframework.boot.test.context.SpringBootTestContextBootstrapper]
12:03:16.829 [Test worker] INFO org.springframework.boot.test.context.SpringBootTestContextBootstrapper - Neither @ContextConfiguration nor @ContextHierarchy found for test class [com.mountainwind.demo.orc.races.OcrRacesApplicationTests], using SpringBootContextLoader
12:03:16.841 [Test worker] DEBUG org.springframework.test.context.support.AbstractContextLoader - Did not detect default resource location for test class [com.mountainwind.demo.orc.races.OcrRacesApplicationTests]: class path resource [com/mountainwind/demo/orc/races/OcrRacesApplicationTests-context.xml] does not exist
12:03:16.842 [Test worker] DEBUG org.springframework.test.context.support.AbstractContextLoader - Did not detect default resource location for test class [com.mountainwind.demo.orc.races.OcrRacesApplicationTests]: class path resource [com/mountainwind/demo/orc/races/OcrRacesApplicationTestsContext.groovy] does not exist
12:03:16.842 [Test worker] INFO org.springframework.test.context.support.AbstractContextLoader - Could not detect default resource locations for test class [com.mountainwind.demo.orc.races.OcrRacesApplicationTests]: no resource found for suffixes {-context.xml, Context.groovy}.
12:03:16.843 [Test worker] INFO org.springframework.test.context.support.AnnotationConfigContextLoaderUtils - Could not detect default configuration classes for test class [com.mountainwind.demo.orc.races.OcrRacesApplicationTests]: OcrRacesApplicationTests does not declare any static, non-private, non-final, nested classes annotated with @Configuration.
12:03:16.888 [Test worker] DEBUG org.springframework.test.context.support.ActiveProfilesUtils - Could not find an 'annotation declaring class' for annotation type [org.springframework.test.context.ActiveProfiles] and class [com.mountainwind.demo.orc.races.OcrRacesApplicationTests]
12:03:16.933 [Test worker] DEBUG org.springframework.core.env.StandardEnvironment - Adding [systemProperties] PropertySource with lowest search precedence
12:03:16.934 [Test worker] DEBUG org.springframework.core.env.StandardEnvironment - Adding [systemEnvironment] PropertySource with lowest search precedence
12:03:16.934 [Test worker] DEBUG org.springframework.core.env.StandardEnvironment - Initialized StandardEnvironment with PropertySources [systemProperties,systemEnvironment]
12:03:16.945 [Test worker] DEBUG org.springframework.core.io.support.PathMatchingResourcePatternResolver - Resolved classpath location [com/mountainwind/demo/orc/races/] to resources [URL [file:/D:/Lab/Spring/STS/ocr-races/build/classes/test/com/mountainwind/demo/orc/races/], URL [file:/D:/Lab/Spring/STS/ocr-races/build/classes/main/com/mountainwind/demo/orc/races/]]
12:03:16.946 [Test worker] DEBUG org.springframework.core.io.support.PathMatchingResourcePatternResolver - Looking for matching resources in directory tree [D:\Lab\Spring\STS\ocr-races\build\classes\test\com\mountainwind\demo\orc\races]
12:03:16.946 [Test worker] DEBUG org.springframework.core.io.support.PathMatchingResourcePatternResolver - Searching directory [D:\Lab\Spring\STS\ocr-races\build\classes\test\com\mountainwind\demo\orc\races] for files matching pattern [D:/Lab/Spring/STS/ocr-races/build/classes/test/com/mountainwind/demo/orc/races/*.class]
12:03:16.950 [Test worker] DEBUG org.springframework.core.io.support.PathMatchingResourcePatternResolver - Looking for matching resources in directory tree [D:\Lab\Spring\STS\ocr-races\build\classes\main\com\mountainwind\demo\orc\races]
12:03:16.950 [Test worker] DEBUG org.springframework.core.io.support.PathMatchingResourcePatternResolver - Searching directory [D:\Lab\Spring\STS\ocr-races\build\classes\main\com\mountainwind\demo\orc\races] for files matching pattern [D:/Lab/Spring/STS/ocr-races/build/classes/main/com/mountainwind/demo/orc/races/*.class]
12:03:16.951 [Test worker] DEBUG org.springframework.core.io.support.PathMatchingResourcePatternResolver - Resolved location pattern [classpath*:com/mountainwind/demo/orc/races/*.class] to resources [file [D:\Lab\Spring\STS\ocr-races\build\classes\test\com\mountainwind\demo\orc\races\OcrRacesApplicationTests.class], file [D:\Lab\Spring\STS\ocr-races\build\classes\main\com\mountainwind\demo\orc\races\OcrRacesApplication.class], file [D:\Lab\Spring\STS\ocr-races\build\classes\main\com\mountainwind\demo\orc\races\Race.class]]
12:03:17.015 [Test worker] DEBUG org.springframework.context.annotation.ClassPathScanningCandidateComponentProvider - Identified candidate component class: file [D:\Lab\Spring\STS\ocr-races\build\classes\main\com\mountainwind\demo\orc\races\OcrRacesApplication.class]
12:03:17.017 [Test worker] INFO org.springframework.boot.test.context.SpringBootTestContextBootstrapper - Found @SpringBootConfiguration com.mountainwind.demo.orc.races.OcrRacesApplication for test class com.mountainwind.demo.orc.races.OcrRacesApplicationTests
12:03:17.021 [Test worker] DEBUG org.springframework.boot.test.context.SpringBootTestContextBootstrapper - @TestExecutionListeners is not present for class [com.mountainwind.demo.orc.races.OcrRacesApplicationTests]: using defaults.
12:03:17.027 [Test worker] INFO org.springframework.boot.test.context.SpringBootTestContextBootstrapper - Loaded default TestExecutionListener class names from location [META-INF/spring.factories]: [org.springframework.boot.test.mock.mockito.MockitoTestExecutionListener, org.springframework.boot.test.mock.mockito.ResetMocksTestExecutionListener, org.springframework.boot.test.autoconfigure.AutoConfigureReportTestExecutionListener, org.springframework.boot.test.autoconfigure.restdocs.RestDocsTestExecutionListener, org.springframework.boot.test.autoconfigure.web.client.MockRestServiceServerResetTestExecutionListener, org.springframework.test.context.web.ServletTestExecutionListener, org.springframework.test.context.support.DirtiesContextBeforeModesTestExecutionListener, org.springframework.test.context.support.DependencyInjectionTestExecutionListener, org.springframework.test.context.support.DirtiesContextTestExecutionListener, org.springframework.test.context.transaction.TransactionalTestExecutionListener, org.springframework.test.context.jdbc.SqlScriptsTestExecutionListener]
12:03:17.037 [Test worker] INFO org.springframework.boot.test.context.SpringBootTestContextBootstrapper - Could not instantiate TestExecutionListener [org.springframework.test.context.transaction.TransactionalTestExecutionListener]. Specify custom listener classes or make the default listener classes (and their required dependencies) available. Offending class: [org/springframework/transaction/interceptor/TransactionAttributeSource]
12:03:17.038 [Test worker] INFO org.springframework.boot.test.context.SpringBootTestContextBootstrapper - Could not instantiate TestExecutionListener [org.springframework.test.context.jdbc.SqlScriptsTestExecutionListener]. Specify custom listener classes or make the default listener classes (and their required dependencies) available. Offending class: [org/springframework/transaction/interceptor/TransactionAttribute]
12:03:17.038 [Test worker] INFO org.springframework.boot.test.context.SpringBootTestContextBootstrapper - Using TestExecutionListeners: [org.springframework.test.context.web.ServletTestExecutionListener@8f9707b, org.springframework.test.context.support.DirtiesContextBeforeModesTestExecutionListener@7e88146a, org.springframework.boot.test.autoconfigure.AutoConfigureReportTestExecutionListener@33d7c071, org.springframework.test.context.support.DependencyInjectionTestExecutionListener@def3219, org.springframework.test.context.support.DirtiesContextTestExecutionListener@4e56e177, org.springframework.boot.test.mock.mockito.ResetMocksTestExecutionListener@70439793, org.springframework.boot.test.autoconfigure.web.client.MockRestServiceServerResetTestExecutionListener@7d9a15a2, org.springframework.boot.test.mock.mockito.MockitoTestExecutionListener@9918ff2, org.springframework.boot.test.autoconfigure.restdocs.RestDocsTestExecutionListener@70b59aee]
12:03:17.042 [Test worker] DEBUG org.springframework.test.annotation.ProfileValueUtils - Retrieved @ProfileValueSourceConfiguration [null] for test class [com.mountainwind.demo.orc.races.OcrRacesApplicationTests]
12:03:17.042 [Test worker] DEBUG org.springframework.test.annotation.ProfileValueUtils - Retrieved ProfileValueSource type [class org.springframework.test.annotation.SystemProfileValueSource] for class [com.mountainwind.demo.orc.races.OcrRacesApplicationTests]
12:03:17.043 [Test worker] DEBUG org.springframework.test.annotation.ProfileValueUtils - Retrieved @ProfileValueSourceConfiguration [null] for test class [com.mountainwind.demo.orc.races.OcrRacesApplicationTests]
12:03:17.043 [Test worker] DEBUG org.springframework.test.annotation.ProfileValueUtils - Retrieved ProfileValueSource type [class org.springframework.test.annotation.SystemProfileValueSource] for class [com.mountainwind.demo.orc.races.OcrRacesApplicationTests]
12:03:17.050 [Test worker] DEBUG org.springframework.test.context.support.AbstractDirtiesContextTestExecutionListener - Before test class: context [DefaultTestContext@282fab14 testClass = OcrRacesApplicationTests, testInstance = [null], testMethod = [null], testException = [null], mergedContextConfiguration = [WebMergedContextConfiguration@2f79f322 testClass = OcrRacesApplicationTests, locations = '{}', classes = '{class com.mountainwind.demo.orc.races.OcrRacesApplication}', contextInitializerClasses = '[]', activeProfiles = '{}', propertySourceLocations = '{}', propertySourceProperties = '{org.springframework.boot.test.context.SpringBootTestContextBootstrapper=true}', contextCustomizers = set[org.springframework.boot.test.context.SpringBootTestContextCustomizer@5af54e90, org.springframework.boot.test.context.filter.ExcludeFilterContextCustomizer@47cef8af, org.springframework.boot.test.mock.mockito.MockitoContextCustomizer@0, org.springframework.boot.test.autoconfigure.properties.PropertyMappingContextCustomizer@0], resourceBasePath = 'src/main/webapp', contextLoader = 'org.springframework.boot.test.context.SpringBootContextLoader', parent = [null]]], class annotated with @DirtiesContext [false] with mode [null].
12:03:17.050 [Test worker] DEBUG org.springframework.test.annotation.ProfileValueUtils - Retrieved @ProfileValueSourceConfiguration [null] for test class [com.mountainwind.demo.orc.races.OcrRacesApplicationTests]
12:03:17.051 [Test worker] DEBUG org.springframework.test.annotation.ProfileValueUtils - Retrieved ProfileValueSource type [class org.springframework.test.annotation.SystemProfileValueSource] for class [com.mountainwind.demo.orc.races.OcrRacesApplicationTests]
12:03:17.098 [Test worker] DEBUG org.springframework.core.env.StandardEnvironment - Adding [systemProperties] PropertySource with lowest search precedence
12:03:17.098 [Test worker] DEBUG org.springframework.core.env.StandardEnvironment - Adding [systemEnvironment] PropertySource with lowest search precedence
12:03:17.098 [Test worker] DEBUG org.springframework.core.env.StandardEnvironment - Initialized StandardEnvironment with PropertySources [systemProperties,systemEnvironment]
12:03:17.100 [Test worker] DEBUG org.springframework.test.context.support.TestPropertySourceUtils - Adding inlined properties to environment: {spring.jmx.enabled=false, org.springframework.boot.test.context.SpringBootTestContextBootstrapper=true, server.port=-1}
12:03:17.100 [Test worker] DEBUG org.springframework.core.env.StandardEnvironment - Adding [Inlined Test Properties] PropertySource with highest search precedence
2016-08-28 12:03:17.973  INFO 15640 --- [    Test worker] s.c.a.AnnotationConfigApplicationContext : Refreshing org.springframework.context.annotation.AnnotationConfigApplicationContext@7389256d: startup date [Sun Aug 28 12:03:17 SGT 2016]; root of context hierarchy
2016-08-28 12:03:18.314  INFO 15640 --- [    Test worker] f.a.AutowiredAnnotationBeanPostProcessor : JSR-330 'javax.inject.Inject' annotation found and supported for autowiring
2016-08-28 12:03:18.349  INFO 15640 --- [    Test worker] trationDelegate$BeanPostProcessorChecker : Bean 'configurationPropertiesRebinderAutoConfiguration' of type [class org.springframework.cloud.autoconfigure.ConfigurationPropertiesRebinderAutoConfiguration$$EnhancerBySpringCGLIB$$3356d5cd] is not eligible for getting processed by all BeanPostProcessors (for example: not eligible for auto-proxying)

  .   ____          _            __ _ _
 /\\ / ___'_ __ _ _(_)_ __  __ _ \ \ \ \
( ( )\___ | '_ | '_| | '_ \/ _` | \ \ \ \
 \\/  ___)| |_)| | | | | || (_| |  ) ) ) )
  '  |____| .__|_| |_|_| |_\__, | / / / /
 =========|_|==============|___/=/_/_/_/
 :: Spring Boot ::        (v1.4.0.RELEASE)

2016-08-28 12:03:18.826  INFO 15640 --- [    Test worker] c.m.d.o.races.OcrRacesApplicationTests   : No active profile set, falling back to default profiles: default
2016-08-28 12:03:18.837  INFO 15640 --- [    Test worker] o.s.w.c.s.GenericWebApplicationContext   : Refreshing org.springframework.web.context.support.GenericWebApplicationContext@6af1e67b: startup date [Sun Aug 28 12:03:18 SGT 2016]; parent: org.springframework.context.annotation.AnnotationConfigApplicationContext@7389256d
2016-08-28 12:03:19.846  WARN 15640 --- [    Test worker] o.s.c.a.ConfigurationClassPostProcessor  : Cannot enhance @Configuration bean definition 'refreshScope' since its singleton instance has been created too early. The typical cause is a non-static @Bean method with a BeanDefinitionRegistryPostProcessor return type: Consider declaring such methods as 'static'.
2016-08-28 12:03:19.984  INFO 15640 --- [    Test worker] o.s.cloud.context.scope.GenericScope     : BeanFactory id=bb51db61-6e2c-34a5-971b-08def7fbb1b5
2016-08-28 12:03:20.041  INFO 15640 --- [    Test worker] f.a.AutowiredAnnotationBeanPostProcessor : JSR-330 'javax.inject.Inject' annotation found and supported for autowiring
2016-08-28 12:03:20.073  INFO 15640 --- [    Test worker] trationDelegate$BeanPostProcessorChecker : Bean 'org.springframework.cloud.autoconfigure.ConfigurationPropertiesRebinderAutoConfiguration' of type [class org.springframework.cloud.autoconfigure.ConfigurationPropertiesRebinderAutoConfiguration$$EnhancerBySpringCGLIB$$3356d5cd] is not eligible for getting processed by all BeanPostProcessors (for example: not eligible for auto-proxying)
2016-08-28 12:03:21.273  INFO 15640 --- [    Test worker] s.w.s.m.m.a.RequestMappingHandlerAdapter : Looking for @ControllerAdvice: org.springframework.web.context.support.GenericWebApplicationContext@6af1e67b: startup date [Sun Aug 28 12:03:18 SGT 2016]; parent: org.springframework.context.annotation.AnnotationConfigApplicationContext@7389256d
2016-08-28 12:03:21.370  INFO 15640 --- [    Test worker] s.w.s.m.m.a.RequestMappingHandlerMapping : Mapped "{[/]}" onto public java.util.List<com.mountainwind.demo.orc.races.Race> com.mountainwind.demo.orc.races.OcrRacesApplication.getRaces()
2016-08-28 12:03:21.375  INFO 15640 --- [    Test worker] s.w.s.m.m.a.RequestMappingHandlerMapping : Mapped "{[/error]}" onto public org.springframework.http.ResponseEntity<java.util.Map<java.lang.String, java.lang.Object>> org.springframework.boot.autoconfigure.web.BasicErrorController.error(javax.servlet.http.HttpServletRequest)
2016-08-28 12:03:21.375  INFO 15640 --- [    Test worker] s.w.s.m.m.a.RequestMappingHandlerMapping : Mapped "{[/error],produces=[text/html]}" onto public org.springframework.web.servlet.ModelAndView org.springframework.boot.autoconfigure.web.BasicErrorController.errorHtml(javax.servlet.http.HttpServletRequest,javax.servlet.http.HttpServletResponse)
2016-08-28 12:03:21.436  INFO 15640 --- [    Test worker] o.s.w.s.handler.SimpleUrlHandlerMapping  : Mapped URL path [/webjars/**] onto handler of type [class org.springframework.web.servlet.resource.ResourceHttpRequestHandler]
2016-08-28 12:03:21.436  INFO 15640 --- [    Test worker] o.s.w.s.handler.SimpleUrlHandlerMapping  : Mapped URL path [/**] onto handler of type [class org.springframework.web.servlet.resource.ResourceHttpRequestHandler]
2016-08-28 12:03:21.502  INFO 15640 --- [    Test worker] o.s.w.s.handler.SimpleUrlHandlerMapping  : Mapped URL path [/**/favicon.ico] onto handler of type [class org.springframework.web.servlet.resource.ResourceHttpRequestHandler]
2016-08-28 12:03:21.853  WARN 15640 --- [    Test worker] c.n.c.sources.URLConfigurationSource     : No URLs will be polled as dynamic configuration sources.
2016-08-28 12:03:21.854  INFO 15640 --- [    Test worker] c.n.c.sources.URLConfigurationSource     : To enable URLs as dynamic configuration sources, define System property archaius.configurationSource.additionalUrls or make config.properties available on classpath.
2016-08-28 12:03:21.863  WARN 15640 --- [    Test worker] c.n.c.sources.URLConfigurationSource     : No URLs will be polled as dynamic configuration sources.
2016-08-28 12:03:21.863  INFO 15640 --- [    Test worker] c.n.c.sources.URLConfigurationSource     : To enable URLs as dynamic configuration sources, define System property archaius.configurationSource.additionalUrls or make config.properties available on classpath.
2016-08-28 12:03:22.134  INFO 15640 --- [    Test worker] o.s.c.support.DefaultLifecycleProcessor  : Starting beans in phase 0
2016-08-28 12:03:22.152  INFO 15640 --- [    Test worker] c.m.d.o.races.OcrRacesApplicationTests   : Started OcrRacesApplicationTests in 5.037 seconds (JVM running for 6.351)
]]></system-out>
  <system-err><![CDATA[]]></system-err>
</testsuite>
