<?xml version="1.0" encoding="UTF-8"?>
<testsuite name="com.mountainwind.demo.orc.races.OcrRacesApplicationTests" tests="1" skipped="0" failures="0" errors="0" timestamp="2016-08-26T14:06:35" hostname="home-notebook" time="0.016">
  <properties/>
  <testcase name="contextLoads" classname="com.mountainwind.demo.orc.races.OcrRacesApplicationTests" time="0.016"/>
  <system-out><![CDATA[22:06:29.943 [Test worker] DEBUG org.springframework.test.context.junit4.SpringJUnit4ClassRunner - SpringJUnit4ClassRunner constructor called with [class com.mountainwind.demo.orc.races.OcrRacesApplicationTests]
22:06:29.950 [Test worker] DEBUG org.springframework.test.context.BootstrapUtils - Instantiating CacheAwareContextLoaderDelegate from class [org.springframework.test.context.cache.DefaultCacheAwareContextLoaderDelegate]
22:06:29.959 [Test worker] DEBUG org.springframework.test.context.BootstrapUtils - Instantiating BootstrapContext using constructor [public org.springframework.test.context.support.DefaultBootstrapContext(java.lang.Class,org.springframework.test.context.CacheAwareContextLoaderDelegate)]
22:06:29.978 [Test worker] DEBUG org.springframework.test.context.BootstrapUtils - Instantiating TestContextBootstrapper for test class [com.mountainwind.demo.orc.races.OcrRacesApplicationTests] from class [org.springframework.boot.test.context.SpringBootTestContextBootstrapper]
22:06:29.996 [Test worker] INFO org.springframework.boot.test.context.SpringBootTestContextBootstrapper - Neither @ContextConfiguration nor @ContextHierarchy found for test class [com.mountainwind.demo.orc.races.OcrRacesApplicationTests], using SpringBootContextLoader
22:06:30.008 [Test worker] DEBUG org.springframework.test.context.support.AbstractContextLoader - Did not detect default resource location for test class [com.mountainwind.demo.orc.races.OcrRacesApplicationTests]: class path resource [com/mountainwind/demo/orc/races/OcrRacesApplicationTests-context.xml] does not exist
22:06:30.009 [Test worker] DEBUG org.springframework.test.context.support.AbstractContextLoader - Did not detect default resource location for test class [com.mountainwind.demo.orc.races.OcrRacesApplicationTests]: class path resource [com/mountainwind/demo/orc/races/OcrRacesApplicationTestsContext.groovy] does not exist
22:06:30.010 [Test worker] INFO org.springframework.test.context.support.AbstractContextLoader - Could not detect default resource locations for test class [com.mountainwind.demo.orc.races.OcrRacesApplicationTests]: no resource found for suffixes {-context.xml, Context.groovy}.
22:06:30.011 [Test worker] INFO org.springframework.test.context.support.AnnotationConfigContextLoaderUtils - Could not detect default configuration classes for test class [com.mountainwind.demo.orc.races.OcrRacesApplicationTests]: OcrRacesApplicationTests does not declare any static, non-private, non-final, nested classes annotated with @Configuration.
22:06:30.057 [Test worker] DEBUG org.springframework.test.context.support.ActiveProfilesUtils - Could not find an 'annotation declaring class' for annotation type [org.springframework.test.context.ActiveProfiles] and class [com.mountainwind.demo.orc.races.OcrRacesApplicationTests]
22:06:30.103 [Test worker] DEBUG org.springframework.core.env.StandardEnvironment - Adding [systemProperties] PropertySource with lowest search precedence
22:06:30.104 [Test worker] DEBUG org.springframework.core.env.StandardEnvironment - Adding [systemEnvironment] PropertySource with lowest search precedence
22:06:30.104 [Test worker] DEBUG org.springframework.core.env.StandardEnvironment - Initialized StandardEnvironment with PropertySources [systemProperties,systemEnvironment]
22:06:30.115 [Test worker] DEBUG org.springframework.core.io.support.PathMatchingResourcePatternResolver - Resolved classpath location [com/mountainwind/demo/orc/races/] to resources [URL [file:/D:/Lab/Spring/STS/ocr-races/build/classes/test/com/mountainwind/demo/orc/races/], URL [file:/D:/Lab/Spring/STS/ocr-races/build/classes/main/com/mountainwind/demo/orc/races/]]
22:06:30.115 [Test worker] DEBUG org.springframework.core.io.support.PathMatchingResourcePatternResolver - Looking for matching resources in directory tree [D:\Lab\Spring\STS\ocr-races\build\classes\test\com\mountainwind\demo\orc\races]
22:06:30.116 [Test worker] DEBUG org.springframework.core.io.support.PathMatchingResourcePatternResolver - Searching directory [D:\Lab\Spring\STS\ocr-races\build\classes\test\com\mountainwind\demo\orc\races] for files matching pattern [D:/Lab/Spring/STS/ocr-races/build/classes/test/com/mountainwind/demo/orc/races/*.class]
22:06:30.120 [Test worker] DEBUG org.springframework.core.io.support.PathMatchingResourcePatternResolver - Looking for matching resources in directory tree [D:\Lab\Spring\STS\ocr-races\build\classes\main\com\mountainwind\demo\orc\races]
22:06:30.120 [Test worker] DEBUG org.springframework.core.io.support.PathMatchingResourcePatternResolver - Searching directory [D:\Lab\Spring\STS\ocr-races\build\classes\main\com\mountainwind\demo\orc\races] for files matching pattern [D:/Lab/Spring/STS/ocr-races/build/classes/main/com/mountainwind/demo/orc/races/*.class]
22:06:30.121 [Test worker] DEBUG org.springframework.core.io.support.PathMatchingResourcePatternResolver - Resolved location pattern [classpath*:com/mountainwind/demo/orc/races/*.class] to resources [file [D:\Lab\Spring\STS\ocr-races\build\classes\test\com\mountainwind\demo\orc\races\OcrRacesApplicationTests.class], file [D:\Lab\Spring\STS\ocr-races\build\classes\main\com\mountainwind\demo\orc\races\OcrRacesApplication.class], file [D:\Lab\Spring\STS\ocr-races\build\classes\main\com\mountainwind\demo\orc\races\Race.class]]
22:06:30.188 [Test worker] DEBUG org.springframework.context.annotation.ClassPathScanningCandidateComponentProvider - Identified candidate component class: file [D:\Lab\Spring\STS\ocr-races\build\classes\main\com\mountainwind\demo\orc\races\OcrRacesApplication.class]
22:06:30.190 [Test worker] INFO org.springframework.boot.test.context.SpringBootTestContextBootstrapper - Found @SpringBootConfiguration com.mountainwind.demo.orc.races.OcrRacesApplication for test class com.mountainwind.demo.orc.races.OcrRacesApplicationTests
22:06:30.193 [Test worker] DEBUG org.springframework.boot.test.context.SpringBootTestContextBootstrapper - @TestExecutionListeners is not present for class [com.mountainwind.demo.orc.races.OcrRacesApplicationTests]: using defaults.
22:06:30.200 [Test worker] INFO org.springframework.boot.test.context.SpringBootTestContextBootstrapper - Loaded default TestExecutionListener class names from location [META-INF/spring.factories]: [org.springframework.boot.test.mock.mockito.MockitoTestExecutionListener, org.springframework.boot.test.mock.mockito.ResetMocksTestExecutionListener, org.springframework.boot.test.autoconfigure.AutoConfigureReportTestExecutionListener, org.springframework.boot.test.autoconfigure.restdocs.RestDocsTestExecutionListener, org.springframework.boot.test.autoconfigure.web.client.MockRestServiceServerResetTestExecutionListener, org.springframework.test.context.web.ServletTestExecutionListener, org.springframework.test.context.support.DirtiesContextBeforeModesTestExecutionListener, org.springframework.test.context.support.DependencyInjectionTestExecutionListener, org.springframework.test.context.support.DirtiesContextTestExecutionListener, org.springframework.test.context.transaction.TransactionalTestExecutionListener, org.springframework.test.context.jdbc.SqlScriptsTestExecutionListener]
22:06:30.209 [Test worker] INFO org.springframework.boot.test.context.SpringBootTestContextBootstrapper - Could not instantiate TestExecutionListener [org.springframework.test.context.transaction.TransactionalTestExecutionListener]. Specify custom listener classes or make the default listener classes (and their required dependencies) available. Offending class: [org/springframework/transaction/interceptor/TransactionAttributeSource]
22:06:30.210 [Test worker] INFO org.springframework.boot.test.context.SpringBootTestContextBootstrapper - Could not instantiate TestExecutionListener [org.springframework.test.context.jdbc.SqlScriptsTestExecutionListener]. Specify custom listener classes or make the default listener classes (and their required dependencies) available. Offending class: [org/springframework/transaction/interceptor/TransactionAttribute]
22:06:30.211 [Test worker] INFO org.springframework.boot.test.context.SpringBootTestContextBootstrapper - Using TestExecutionListeners: [org.springframework.test.context.web.ServletTestExecutionListener@7265420f, org.springframework.test.context.support.DirtiesContextBeforeModesTestExecutionListener@e8d9fe4, org.springframework.boot.test.autoconfigure.AutoConfigureReportTestExecutionListener@6d1fb3f7, org.springframework.test.context.support.DependencyInjectionTestExecutionListener@4df101cb, org.springframework.test.context.support.DirtiesContextTestExecutionListener@15dc5740, org.springframework.boot.test.autoconfigure.restdocs.RestDocsTestExecutionListener@774c88a0, org.springframework.boot.test.mock.mockito.MockitoTestExecutionListener@67dc0db5, org.springframework.boot.test.autoconfigure.web.client.MockRestServiceServerResetTestExecutionListener@2266a7dc, org.springframework.boot.test.mock.mockito.ResetMocksTestExecutionListener@55779287]
22:06:30.214 [Test worker] DEBUG org.springframework.test.annotation.ProfileValueUtils - Retrieved @ProfileValueSourceConfiguration [null] for test class [com.mountainwind.demo.orc.races.OcrRacesApplicationTests]
22:06:30.215 [Test worker] DEBUG org.springframework.test.annotation.ProfileValueUtils - Retrieved ProfileValueSource type [class org.springframework.test.annotation.SystemProfileValueSource] for class [com.mountainwind.demo.orc.races.OcrRacesApplicationTests]
22:06:30.215 [Test worker] DEBUG org.springframework.test.annotation.ProfileValueUtils - Retrieved @ProfileValueSourceConfiguration [null] for test class [com.mountainwind.demo.orc.races.OcrRacesApplicationTests]
22:06:30.215 [Test worker] DEBUG org.springframework.test.annotation.ProfileValueUtils - Retrieved ProfileValueSource type [class org.springframework.test.annotation.SystemProfileValueSource] for class [com.mountainwind.demo.orc.races.OcrRacesApplicationTests]
22:06:30.221 [Test worker] DEBUG org.springframework.test.context.support.AbstractDirtiesContextTestExecutionListener - Before test class: context [DefaultTestContext@58383dc8 testClass = OcrRacesApplicationTests, testInstance = [null], testMethod = [null], testException = [null], mergedContextConfiguration = [WebMergedContextConfiguration@720ba452 testClass = OcrRacesApplicationTests, locations = '{}', classes = '{class com.mountainwind.demo.orc.races.OcrRacesApplication}', contextInitializerClasses = '[]', activeProfiles = '{}', propertySourceLocations = '{}', propertySourceProperties = '{org.springframework.boot.test.context.SpringBootTestContextBootstrapper=true}', contextCustomizers = set[org.springframework.boot.test.context.SpringBootTestContextCustomizer@5af54e90, org.springframework.boot.test.context.filter.ExcludeFilterContextCustomizer@47cef8af, org.springframework.boot.test.mock.mockito.MockitoContextCustomizer@0, org.springframework.boot.test.autoconfigure.properties.PropertyMappingContextCustomizer@0], resourceBasePath = 'src/main/webapp', contextLoader = 'org.springframework.boot.test.context.SpringBootContextLoader', parent = [null]]], class annotated with @DirtiesContext [false] with mode [null].
22:06:30.222 [Test worker] DEBUG org.springframework.test.annotation.ProfileValueUtils - Retrieved @ProfileValueSourceConfiguration [null] for test class [com.mountainwind.demo.orc.races.OcrRacesApplicationTests]
22:06:30.222 [Test worker] DEBUG org.springframework.test.annotation.ProfileValueUtils - Retrieved ProfileValueSource type [class org.springframework.test.annotation.SystemProfileValueSource] for class [com.mountainwind.demo.orc.races.OcrRacesApplicationTests]
22:06:30.263 [Test worker] DEBUG org.springframework.core.env.StandardEnvironment - Adding [systemProperties] PropertySource with lowest search precedence
22:06:30.264 [Test worker] DEBUG org.springframework.core.env.StandardEnvironment - Adding [systemEnvironment] PropertySource with lowest search precedence
22:06:30.264 [Test worker] DEBUG org.springframework.core.env.StandardEnvironment - Initialized StandardEnvironment with PropertySources [systemProperties,systemEnvironment]
22:06:30.265 [Test worker] DEBUG org.springframework.test.context.support.TestPropertySourceUtils - Adding inlined properties to environment: {spring.jmx.enabled=false, org.springframework.boot.test.context.SpringBootTestContextBootstrapper=true, server.port=-1}
22:06:30.265 [Test worker] DEBUG org.springframework.core.env.StandardEnvironment - Adding [Inlined Test Properties] PropertySource with highest search precedence
2016-08-26 22:06:31.028  INFO 7860 --- [    Test worker] s.c.a.AnnotationConfigApplicationContext : Refreshing org.springframework.context.annotation.AnnotationConfigApplicationContext@3bb53a7e: startup date [Fri Aug 26 22:06:31 SGT 2016]; root of context hierarchy
2016-08-26 22:06:31.339  INFO 7860 --- [    Test worker] f.a.AutowiredAnnotationBeanPostProcessor : JSR-330 'javax.inject.Inject' annotation found and supported for autowiring
2016-08-26 22:06:31.367  INFO 7860 --- [    Test worker] trationDelegate$BeanPostProcessorChecker : Bean 'configurationPropertiesRebinderAutoConfiguration' of type [class org.springframework.cloud.autoconfigure.ConfigurationPropertiesRebinderAutoConfiguration$$EnhancerBySpringCGLIB$$cc51a1bd] is not eligible for getting processed by all BeanPostProcessors (for example: not eligible for auto-proxying)

  .   ____          _            __ _ _
 /\\ / ___'_ __ _ _(_)_ __  __ _ \ \ \ \
( ( )\___ | '_ | '_| | '_ \/ _` | \ \ \ \
 \\/  ___)| |_)| | | | | || (_| |  ) ) ) )
  '  |____| .__|_| |_|_| |_\__, | / / / /
 =========|_|==============|___/=/_/_/_/
 :: Spring Boot ::        (v1.4.0.RELEASE)

2016-08-26 22:06:31.879  INFO 7860 --- [    Test worker] c.m.d.o.races.OcrRacesApplicationTests   : No active profile set, falling back to default profiles: default
2016-08-26 22:06:31.888  INFO 7860 --- [    Test worker] o.s.w.c.s.GenericWebApplicationContext   : Refreshing org.springframework.web.context.support.GenericWebApplicationContext@330eb08a: startup date [Fri Aug 26 22:06:31 SGT 2016]; parent: org.springframework.context.annotation.AnnotationConfigApplicationContext@3bb53a7e
2016-08-26 22:06:32.850  WARN 7860 --- [    Test worker] o.s.c.a.ConfigurationClassPostProcessor  : Cannot enhance @Configuration bean definition 'refreshScope' since its singleton instance has been created too early. The typical cause is a non-static @Bean method with a BeanDefinitionRegistryPostProcessor return type: Consider declaring such methods as 'static'.
2016-08-26 22:06:32.990  INFO 7860 --- [    Test worker] o.s.cloud.context.scope.GenericScope     : BeanFactory id=9bbe4025-6f9a-329c-a55e-c43341126673
2016-08-26 22:06:33.049  INFO 7860 --- [    Test worker] f.a.AutowiredAnnotationBeanPostProcessor : JSR-330 'javax.inject.Inject' annotation found and supported for autowiring
2016-08-26 22:06:33.076  INFO 7860 --- [    Test worker] trationDelegate$BeanPostProcessorChecker : Bean 'org.springframework.cloud.autoconfigure.ConfigurationPropertiesRebinderAutoConfiguration' of type [class org.springframework.cloud.autoconfigure.ConfigurationPropertiesRebinderAutoConfiguration$$EnhancerBySpringCGLIB$$cc51a1bd] is not eligible for getting processed by all BeanPostProcessors (for example: not eligible for auto-proxying)
2016-08-26 22:06:33.878  INFO 7860 --- [    Test worker] s.w.s.m.m.a.RequestMappingHandlerAdapter : Looking for @ControllerAdvice: org.springframework.web.context.support.GenericWebApplicationContext@330eb08a: startup date [Fri Aug 26 22:06:31 SGT 2016]; parent: org.springframework.context.annotation.AnnotationConfigApplicationContext@3bb53a7e
2016-08-26 22:06:33.958  INFO 7860 --- [    Test worker] s.w.s.m.m.a.RequestMappingHandlerMapping : Mapped "{[/]}" onto public java.util.List<com.mountainwind.demo.orc.races.Race> com.mountainwind.demo.orc.races.OcrRacesApplication.getRaces()
2016-08-26 22:06:33.961  INFO 7860 --- [    Test worker] s.w.s.m.m.a.RequestMappingHandlerMapping : Mapped "{[/error]}" onto public org.springframework.http.ResponseEntity<java.util.Map<java.lang.String, java.lang.Object>> org.springframework.boot.autoconfigure.web.BasicErrorController.error(javax.servlet.http.HttpServletRequest)
2016-08-26 22:06:33.962  INFO 7860 --- [    Test worker] s.w.s.m.m.a.RequestMappingHandlerMapping : Mapped "{[/error],produces=[text/html]}" onto public org.springframework.web.servlet.ModelAndView org.springframework.boot.autoconfigure.web.BasicErrorController.errorHtml(javax.servlet.http.HttpServletRequest,javax.servlet.http.HttpServletResponse)
2016-08-26 22:06:34.017  INFO 7860 --- [    Test worker] o.s.w.s.handler.SimpleUrlHandlerMapping  : Mapped URL path [/webjars/**] onto handler of type [class org.springframework.web.servlet.resource.ResourceHttpRequestHandler]
2016-08-26 22:06:34.017  INFO 7860 --- [    Test worker] o.s.w.s.handler.SimpleUrlHandlerMapping  : Mapped URL path [/**] onto handler of type [class org.springframework.web.servlet.resource.ResourceHttpRequestHandler]
2016-08-26 22:06:34.077  INFO 7860 --- [    Test worker] o.s.w.s.handler.SimpleUrlHandlerMapping  : Mapped URL path [/**/favicon.ico] onto handler of type [class org.springframework.web.servlet.resource.ResourceHttpRequestHandler]
2016-08-26 22:06:34.734  WARN 7860 --- [    Test worker] c.n.c.sources.URLConfigurationSource     : No URLs will be polled as dynamic configuration sources.
2016-08-26 22:06:34.734  INFO 7860 --- [    Test worker] c.n.c.sources.URLConfigurationSource     : To enable URLs as dynamic configuration sources, define System property archaius.configurationSource.additionalUrls or make config.properties available on classpath.
2016-08-26 22:06:34.746  WARN 7860 --- [    Test worker] c.n.c.sources.URLConfigurationSource     : No URLs will be polled as dynamic configuration sources.
2016-08-26 22:06:34.746  INFO 7860 --- [    Test worker] c.n.c.sources.URLConfigurationSource     : To enable URLs as dynamic configuration sources, define System property archaius.configurationSource.additionalUrls or make config.properties available on classpath.
2016-08-26 22:06:35.012  INFO 7860 --- [    Test worker] c.m.d.o.races.OcrRacesApplicationTests   : Started OcrRacesApplicationTests in 4.736 seconds (JVM running for 6.161)
]]></system-out>
  <system-err><![CDATA[]]></system-err>
</testsuite>
