<?xml version="1.0" encoding="UTF-8"?>
<testsuite name="com.mountainwind.sample.productservice.ProductServiceApplicationTests" tests="0" skipped="0" failures="0" errors="0" timestamp="1970-01-01T00:00:00" hostname="home-notebook" time="0.0">
  <properties/>
  <system-out><![CDATA[12:05:45.753 [Test worker] DEBUG org.springframework.test.context.junit4.SpringJUnit4ClassRunner - SpringJUnit4ClassRunner constructor called with [class com.mountainwind.sample.productservice.ProductServiceApplicationTests]
12:05:45.759 [Test worker] DEBUG org.springframework.test.context.BootstrapUtils - Instantiating CacheAwareContextLoaderDelegate from class [org.springframework.test.context.cache.DefaultCacheAwareContextLoaderDelegate]
12:05:45.768 [Test worker] DEBUG org.springframework.test.context.BootstrapUtils - Instantiating BootstrapContext using constructor [public org.springframework.test.context.support.DefaultBootstrapContext(java.lang.Class,org.springframework.test.context.CacheAwareContextLoaderDelegate)]
12:05:45.788 [Test worker] DEBUG org.springframework.test.context.BootstrapUtils - Instantiating TestContextBootstrapper for test class [com.mountainwind.sample.productservice.ProductServiceApplicationTests] from class [org.springframework.boot.test.context.SpringBootTestContextBootstrapper]
12:05:45.802 [Test worker] INFO org.springframework.boot.test.context.SpringBootTestContextBootstrapper - Neither @ContextConfiguration nor @ContextHierarchy found for test class [com.mountainwind.sample.productservice.ProductServiceApplicationTests], using SpringBootContextLoader
12:05:45.806 [Test worker] DEBUG org.springframework.test.context.support.AbstractContextLoader - Did not detect default resource location for test class [com.mountainwind.sample.productservice.ProductServiceApplicationTests]: class path resource [com/mountainwind/sample/productservice/ProductServiceApplicationTests-context.xml] does not exist
12:05:45.807 [Test worker] DEBUG org.springframework.test.context.support.AbstractContextLoader - Did not detect default resource location for test class [com.mountainwind.sample.productservice.ProductServiceApplicationTests]: class path resource [com/mountainwind/sample/productservice/ProductServiceApplicationTestsContext.groovy] does not exist
12:05:45.807 [Test worker] INFO org.springframework.test.context.support.AbstractContextLoader - Could not detect default resource locations for test class [com.mountainwind.sample.productservice.ProductServiceApplicationTests]: no resource found for suffixes {-context.xml, Context.groovy}.
12:05:45.808 [Test worker] INFO org.springframework.test.context.support.AnnotationConfigContextLoaderUtils - Could not detect default configuration classes for test class [com.mountainwind.sample.productservice.ProductServiceApplicationTests]: ProductServiceApplicationTests does not declare any static, non-private, non-final, nested classes annotated with @Configuration.
12:05:45.856 [Test worker] DEBUG org.springframework.test.context.support.ActiveProfilesUtils - Could not find an 'annotation declaring class' for annotation type [org.springframework.test.context.ActiveProfiles] and class [com.mountainwind.sample.productservice.ProductServiceApplicationTests]
12:05:45.902 [Test worker] DEBUG org.springframework.core.env.StandardEnvironment - Adding [systemProperties] PropertySource with lowest search precedence
12:05:45.902 [Test worker] DEBUG org.springframework.core.env.StandardEnvironment - Adding [systemEnvironment] PropertySource with lowest search precedence
12:05:45.902 [Test worker] DEBUG org.springframework.core.env.StandardEnvironment - Initialized StandardEnvironment with PropertySources [systemProperties,systemEnvironment]
12:05:45.914 [Test worker] DEBUG org.springframework.core.io.support.PathMatchingResourcePatternResolver - Resolved classpath location [com/mountainwind/sample/productservice/] to resources [URL [file:/D:/Lab/Spring/STS/product-service/build/classes/test/com/mountainwind/sample/productservice/], URL [file:/D:/Lab/Spring/STS/product-service/build/classes/main/com/mountainwind/sample/productservice/]]
12:05:45.915 [Test worker] DEBUG org.springframework.core.io.support.PathMatchingResourcePatternResolver - Looking for matching resources in directory tree [D:\Lab\Spring\STS\product-service\build\classes\test\com\mountainwind\sample\productservice]
12:05:45.915 [Test worker] DEBUG org.springframework.core.io.support.PathMatchingResourcePatternResolver - Searching directory [D:\Lab\Spring\STS\product-service\build\classes\test\com\mountainwind\sample\productservice] for files matching pattern [D:/Lab/Spring/STS/product-service/build/classes/test/com/mountainwind/sample/productservice/*.class]
12:05:45.919 [Test worker] DEBUG org.springframework.core.io.support.PathMatchingResourcePatternResolver - Looking for matching resources in directory tree [D:\Lab\Spring\STS\product-service\build\classes\main\com\mountainwind\sample\productservice]
12:05:45.919 [Test worker] DEBUG org.springframework.core.io.support.PathMatchingResourcePatternResolver - Searching directory [D:\Lab\Spring\STS\product-service\build\classes\main\com\mountainwind\sample\productservice] for files matching pattern [D:/Lab/Spring/STS/product-service/build/classes/main/com/mountainwind/sample/productservice/*.class]
12:05:45.921 [Test worker] DEBUG org.springframework.core.io.support.PathMatchingResourcePatternResolver - Resolved location pattern [classpath*:com/mountainwind/sample/productservice/*.class] to resources [file [D:\Lab\Spring\STS\product-service\build\classes\test\com\mountainwind\sample\productservice\ProductServiceApplicationTests.class], file [D:\Lab\Spring\STS\product-service\build\classes\main\com\mountainwind\sample\productservice\CompanyEntity.class], file [D:\Lab\Spring\STS\product-service\build\classes\main\com\mountainwind\sample\productservice\CompanyRepository.class], file [D:\Lab\Spring\STS\product-service\build\classes\main\com\mountainwind\sample\productservice\ProductDetail.class], file [D:\Lab\Spring\STS\product-service\build\classes\main\com\mountainwind\sample\productservice\ProductDetailController.class], file [D:\Lab\Spring\STS\product-service\build\classes\main\com\mountainwind\sample\productservice\ProductDetailRepository.class], file [D:\Lab\Spring\STS\product-service\build\classes\main\com\mountainwind\sample\productservice\ProductDetailSearchController.class], file [D:\Lab\Spring\STS\product-service\build\classes\main\com\mountainwind\sample\productservice\ProductNotFoundException.class], file [D:\Lab\Spring\STS\product-service\build\classes\main\com\mountainwind\sample\productservice\ProductServiceApplication.class]]
12:05:46.002 [Test worker] DEBUG org.springframework.context.annotation.ClassPathScanningCandidateComponentProvider - Identified candidate component class: file [D:\Lab\Spring\STS\product-service\build\classes\main\com\mountainwind\sample\productservice\ProductServiceApplication.class]
12:05:46.005 [Test worker] INFO org.springframework.boot.test.context.SpringBootTestContextBootstrapper - Found @SpringBootConfiguration com.mountainwind.sample.productservice.ProductServiceApplication for test class com.mountainwind.sample.productservice.ProductServiceApplicationTests
12:05:46.009 [Test worker] DEBUG org.springframework.boot.test.context.SpringBootTestContextBootstrapper - @TestExecutionListeners is not present for class [com.mountainwind.sample.productservice.ProductServiceApplicationTests]: using defaults.
12:05:46.014 [Test worker] INFO org.springframework.boot.test.context.SpringBootTestContextBootstrapper - Loaded default TestExecutionListener class names from location [META-INF/spring.factories]: [org.springframework.boot.test.mock.mockito.MockitoTestExecutionListener, org.springframework.boot.test.mock.mockito.ResetMocksTestExecutionListener, org.springframework.boot.test.autoconfigure.AutoConfigureReportTestExecutionListener, org.springframework.boot.test.autoconfigure.restdocs.RestDocsTestExecutionListener, org.springframework.boot.test.autoconfigure.web.client.MockRestServiceServerResetTestExecutionListener, org.springframework.test.context.web.ServletTestExecutionListener, org.springframework.test.context.support.DirtiesContextBeforeModesTestExecutionListener, org.springframework.test.context.support.DependencyInjectionTestExecutionListener, org.springframework.test.context.support.DirtiesContextTestExecutionListener, org.springframework.test.context.transaction.TransactionalTestExecutionListener, org.springframework.test.context.jdbc.SqlScriptsTestExecutionListener]
12:05:46.034 [Test worker] INFO org.springframework.boot.test.context.SpringBootTestContextBootstrapper - Using TestExecutionListeners: [org.springframework.test.context.web.ServletTestExecutionListener@29e663dd, org.springframework.test.context.support.DirtiesContextBeforeModesTestExecutionListener@6e7ccf2, org.springframework.boot.test.autoconfigure.AutoConfigureReportTestExecutionListener@6dfbb39f, org.springframework.test.context.support.DependencyInjectionTestExecutionListener@8c7ca74, org.springframework.test.context.support.DirtiesContextTestExecutionListener@1225a83a, org.springframework.test.context.transaction.TransactionalTestExecutionListener@2a1d66d0, org.springframework.test.context.jdbc.SqlScriptsTestExecutionListener@1aca4f47, org.springframework.boot.test.mock.mockito.ResetMocksTestExecutionListener@2ce8a200, org.springframework.boot.test.mock.mockito.MockitoTestExecutionListener@1333bbdf, org.springframework.boot.test.autoconfigure.restdocs.RestDocsTestExecutionListener@52d9648f, org.springframework.boot.test.autoconfigure.web.client.MockRestServiceServerResetTestExecutionListener@1aa1a9e4]
12:05:46.047 [Test worker] DEBUG org.springframework.test.annotation.ProfileValueUtils - Retrieved @ProfileValueSourceConfiguration [null] for test class [com.mountainwind.sample.productservice.ProductServiceApplicationTests]
12:05:46.048 [Test worker] DEBUG org.springframework.test.annotation.ProfileValueUtils - Retrieved ProfileValueSource type [class org.springframework.test.annotation.SystemProfileValueSource] for class [com.mountainwind.sample.productservice.ProductServiceApplicationTests]
]]></system-out>
  <system-err><![CDATA[]]></system-err>
</testsuite>
