<?xml version="1.0" encoding="UTF-8"?>
<testsuite name="com.mountainwind.demo.orc.participants.OcrParticipantsApplicationTests" tests="1" skipped="0" failures="0" errors="0" timestamp="2016-08-27T12:27:30" hostname="home-notebook" time="0.02">
  <properties/>
  <testcase name="contextLoads" classname="com.mountainwind.demo.orc.participants.OcrParticipantsApplicationTests" time="0.02"/>
  <system-out><![CDATA[20:27:24.293 [Test worker] DEBUG org.springframework.test.context.junit4.SpringJUnit4ClassRunner - SpringJUnit4ClassRunner constructor called with [class com.mountainwind.demo.orc.participants.OcrParticipantsApplicationTests]
20:27:24.300 [Test worker] DEBUG org.springframework.test.context.BootstrapUtils - Instantiating CacheAwareContextLoaderDelegate from class [org.springframework.test.context.cache.DefaultCacheAwareContextLoaderDelegate]
20:27:24.309 [Test worker] DEBUG org.springframework.test.context.BootstrapUtils - Instantiating BootstrapContext using constructor [public org.springframework.test.context.support.DefaultBootstrapContext(java.lang.Class,org.springframework.test.context.CacheAwareContextLoaderDelegate)]
20:27:24.326 [Test worker] DEBUG org.springframework.test.context.BootstrapUtils - Instantiating TestContextBootstrapper for test class [com.mountainwind.demo.orc.participants.OcrParticipantsApplicationTests] from class [org.springframework.boot.test.context.SpringBootTestContextBootstrapper]
20:27:24.347 [Test worker] INFO org.springframework.boot.test.context.SpringBootTestContextBootstrapper - Neither @ContextConfiguration nor @ContextHierarchy found for test class [com.mountainwind.demo.orc.participants.OcrParticipantsApplicationTests], using SpringBootContextLoader
20:27:24.360 [Test worker] DEBUG org.springframework.test.context.support.AbstractContextLoader - Did not detect default resource location for test class [com.mountainwind.demo.orc.participants.OcrParticipantsApplicationTests]: class path resource [com/mountainwind/demo/orc/participants/OcrParticipantsApplicationTests-context.xml] does not exist
20:27:24.360 [Test worker] DEBUG org.springframework.test.context.support.AbstractContextLoader - Did not detect default resource location for test class [com.mountainwind.demo.orc.participants.OcrParticipantsApplicationTests]: class path resource [com/mountainwind/demo/orc/participants/OcrParticipantsApplicationTestsContext.groovy] does not exist
20:27:24.361 [Test worker] INFO org.springframework.test.context.support.AbstractContextLoader - Could not detect default resource locations for test class [com.mountainwind.demo.orc.participants.OcrParticipantsApplicationTests]: no resource found for suffixes {-context.xml, Context.groovy}.
20:27:24.362 [Test worker] INFO org.springframework.test.context.support.AnnotationConfigContextLoaderUtils - Could not detect default configuration classes for test class [com.mountainwind.demo.orc.participants.OcrParticipantsApplicationTests]: OcrParticipantsApplicationTests does not declare any static, non-private, non-final, nested classes annotated with @Configuration.
20:27:24.416 [Test worker] DEBUG org.springframework.test.context.support.ActiveProfilesUtils - Could not find an 'annotation declaring class' for annotation type [org.springframework.test.context.ActiveProfiles] and class [com.mountainwind.demo.orc.participants.OcrParticipantsApplicationTests]
20:27:24.466 [Test worker] DEBUG org.springframework.core.env.StandardEnvironment - Adding [systemProperties] PropertySource with lowest search precedence
20:27:24.466 [Test worker] DEBUG org.springframework.core.env.StandardEnvironment - Adding [systemEnvironment] PropertySource with lowest search precedence
20:27:24.467 [Test worker] DEBUG org.springframework.core.env.StandardEnvironment - Initialized StandardEnvironment with PropertySources [systemProperties,systemEnvironment]
20:27:24.479 [Test worker] DEBUG org.springframework.core.io.support.PathMatchingResourcePatternResolver - Resolved classpath location [com/mountainwind/demo/orc/participants/] to resources [URL [file:/D:/Lab/Spring/STS/ocr-participants/build/classes/test/com/mountainwind/demo/orc/participants/], URL [file:/D:/Lab/Spring/STS/ocr-participants/build/classes/main/com/mountainwind/demo/orc/participants/]]
20:27:24.479 [Test worker] DEBUG org.springframework.core.io.support.PathMatchingResourcePatternResolver - Looking for matching resources in directory tree [D:\Lab\Spring\STS\ocr-participants\build\classes\test\com\mountainwind\demo\orc\participants]
20:27:24.479 [Test worker] DEBUG org.springframework.core.io.support.PathMatchingResourcePatternResolver - Searching directory [D:\Lab\Spring\STS\ocr-participants\build\classes\test\com\mountainwind\demo\orc\participants] for files matching pattern [D:/Lab/Spring/STS/ocr-participants/build/classes/test/com/mountainwind/demo/orc/participants/*.class]
20:27:24.483 [Test worker] DEBUG org.springframework.core.io.support.PathMatchingResourcePatternResolver - Looking for matching resources in directory tree [D:\Lab\Spring\STS\ocr-participants\build\classes\main\com\mountainwind\demo\orc\participants]
20:27:24.483 [Test worker] DEBUG org.springframework.core.io.support.PathMatchingResourcePatternResolver - Searching directory [D:\Lab\Spring\STS\ocr-participants\build\classes\main\com\mountainwind\demo\orc\participants] for files matching pattern [D:/Lab/Spring/STS/ocr-participants/build/classes/main/com/mountainwind/demo/orc/participants/*.class]
20:27:24.484 [Test worker] DEBUG org.springframework.core.io.support.PathMatchingResourcePatternResolver - Resolved location pattern [classpath*:com/mountainwind/demo/orc/participants/*.class] to resources [file [D:\Lab\Spring\STS\ocr-participants\build\classes\test\com\mountainwind\demo\orc\participants\OcrParticipantsApplicationTests.class], file [D:\Lab\Spring\STS\ocr-participants\build\classes\main\com\mountainwind\demo\orc\participants\OcrParticipantsApplication.class], file [D:\Lab\Spring\STS\ocr-participants\build\classes\main\com\mountainwind\demo\orc\participants\Participant.class]]
20:27:24.574 [Test worker] DEBUG org.springframework.context.annotation.ClassPathScanningCandidateComponentProvider - Identified candidate component class: file [D:\Lab\Spring\STS\ocr-participants\build\classes\main\com\mountainwind\demo\orc\participants\OcrParticipantsApplication.class]
20:27:24.598 [Test worker] INFO org.springframework.boot.test.context.SpringBootTestContextBootstrapper - Found @SpringBootConfiguration com.mountainwind.demo.orc.participants.OcrParticipantsApplication for test class com.mountainwind.demo.orc.participants.OcrParticipantsApplicationTests
20:27:24.602 [Test worker] DEBUG org.springframework.boot.test.context.SpringBootTestContextBootstrapper - @TestExecutionListeners is not present for class [com.mountainwind.demo.orc.participants.OcrParticipantsApplicationTests]: using defaults.
20:27:24.611 [Test worker] INFO org.springframework.boot.test.context.SpringBootTestContextBootstrapper - Loaded default TestExecutionListener class names from location [META-INF/spring.factories]: [org.springframework.boot.test.mock.mockito.MockitoTestExecutionListener, org.springframework.boot.test.mock.mockito.ResetMocksTestExecutionListener, org.springframework.boot.test.autoconfigure.AutoConfigureReportTestExecutionListener, org.springframework.boot.test.autoconfigure.restdocs.RestDocsTestExecutionListener, org.springframework.boot.test.autoconfigure.web.client.MockRestServiceServerResetTestExecutionListener, org.springframework.test.context.web.ServletTestExecutionListener, org.springframework.test.context.support.DirtiesContextBeforeModesTestExecutionListener, org.springframework.test.context.support.DependencyInjectionTestExecutionListener, org.springframework.test.context.support.DirtiesContextTestExecutionListener, org.springframework.test.context.transaction.TransactionalTestExecutionListener, org.springframework.test.context.jdbc.SqlScriptsTestExecutionListener]
20:27:24.621 [Test worker] INFO org.springframework.boot.test.context.SpringBootTestContextBootstrapper - Could not instantiate TestExecutionListener [org.springframework.test.context.transaction.TransactionalTestExecutionListener]. Specify custom listener classes or make the default listener classes (and their required dependencies) available. Offending class: [org/springframework/transaction/interceptor/TransactionAttributeSource]
20:27:24.627 [Test worker] INFO org.springframework.boot.test.context.SpringBootTestContextBootstrapper - Could not instantiate TestExecutionListener [org.springframework.test.context.jdbc.SqlScriptsTestExecutionListener]. Specify custom listener classes or make the default listener classes (and their required dependencies) available. Offending class: [org/springframework/transaction/interceptor/TransactionAttribute]
20:27:24.627 [Test worker] INFO org.springframework.boot.test.context.SpringBootTestContextBootstrapper - Using TestExecutionListeners: [org.springframework.test.context.web.ServletTestExecutionListener@def3219, org.springframework.test.context.support.DirtiesContextBeforeModesTestExecutionListener@4e56e177, org.springframework.boot.test.autoconfigure.AutoConfigureReportTestExecutionListener@70439793, org.springframework.test.context.support.DependencyInjectionTestExecutionListener@7d9a15a2, org.springframework.test.context.support.DirtiesContextTestExecutionListener@9918ff2, org.springframework.boot.test.mock.mockito.MockitoTestExecutionListener@70b59aee, org.springframework.boot.test.autoconfigure.web.client.MockRestServiceServerResetTestExecutionListener@1ca67464, org.springframework.boot.test.mock.mockito.ResetMocksTestExecutionListener@31bc4557, org.springframework.boot.test.autoconfigure.restdocs.RestDocsTestExecutionListener@3457b28d]
20:27:24.630 [Test worker] DEBUG org.springframework.test.annotation.ProfileValueUtils - Retrieved @ProfileValueSourceConfiguration [null] for test class [com.mountainwind.demo.orc.participants.OcrParticipantsApplicationTests]
20:27:24.631 [Test worker] DEBUG org.springframework.test.annotation.ProfileValueUtils - Retrieved ProfileValueSource type [class org.springframework.test.annotation.SystemProfileValueSource] for class [com.mountainwind.demo.orc.participants.OcrParticipantsApplicationTests]
20:27:24.632 [Test worker] DEBUG org.springframework.test.annotation.ProfileValueUtils - Retrieved @ProfileValueSourceConfiguration [null] for test class [com.mountainwind.demo.orc.participants.OcrParticipantsApplicationTests]
20:27:24.632 [Test worker] DEBUG org.springframework.test.annotation.ProfileValueUtils - Retrieved ProfileValueSource type [class org.springframework.test.annotation.SystemProfileValueSource] for class [com.mountainwind.demo.orc.participants.OcrParticipantsApplicationTests]
20:27:24.638 [Test worker] DEBUG org.springframework.test.context.support.AbstractDirtiesContextTestExecutionListener - Before test class: context [DefaultTestContext@15b14d2d testClass = OcrParticipantsApplicationTests, testInstance = [null], testMethod = [null], testException = [null], mergedContextConfiguration = [WebMergedContextConfiguration@40132384 testClass = OcrParticipantsApplicationTests, locations = '{}', classes = '{class com.mountainwind.demo.orc.participants.OcrParticipantsApplication}', contextInitializerClasses = '[]', activeProfiles = '{}', propertySourceLocations = '{}', propertySourceProperties = '{org.springframework.boot.test.context.SpringBootTestContextBootstrapper=true}', contextCustomizers = set[org.springframework.boot.test.context.SpringBootTestContextCustomizer@5af54e90, org.springframework.boot.test.context.filter.ExcludeFilterContextCustomizer@47cef8af, org.springframework.boot.test.mock.mockito.MockitoContextCustomizer@0, org.springframework.boot.test.autoconfigure.properties.PropertyMappingContextCustomizer@0], resourceBasePath = 'src/main/webapp', contextLoader = 'org.springframework.boot.test.context.SpringBootContextLoader', parent = [null]]], class annotated with @DirtiesContext [false] with mode [null].
20:27:24.638 [Test worker] DEBUG org.springframework.test.annotation.ProfileValueUtils - Retrieved @ProfileValueSourceConfiguration [null] for test class [com.mountainwind.demo.orc.participants.OcrParticipantsApplicationTests]
20:27:24.639 [Test worker] DEBUG org.springframework.test.annotation.ProfileValueUtils - Retrieved ProfileValueSource type [class org.springframework.test.annotation.SystemProfileValueSource] for class [com.mountainwind.demo.orc.participants.OcrParticipantsApplicationTests]
20:27:24.683 [Test worker] DEBUG org.springframework.core.env.StandardEnvironment - Adding [systemProperties] PropertySource with lowest search precedence
20:27:24.683 [Test worker] DEBUG org.springframework.core.env.StandardEnvironment - Adding [systemEnvironment] PropertySource with lowest search precedence
20:27:24.683 [Test worker] DEBUG org.springframework.core.env.StandardEnvironment - Initialized StandardEnvironment with PropertySources [systemProperties,systemEnvironment]
20:27:24.684 [Test worker] DEBUG org.springframework.test.context.support.TestPropertySourceUtils - Adding inlined properties to environment: {spring.jmx.enabled=false, org.springframework.boot.test.context.SpringBootTestContextBootstrapper=true, server.port=-1}
20:27:24.685 [Test worker] DEBUG org.springframework.core.env.StandardEnvironment - Adding [Inlined Test Properties] PropertySource with highest search precedence
2016-08-27 20:27:25.656  INFO 19376 --- [    Test worker] s.c.a.AnnotationConfigApplicationContext : Refreshing org.springframework.context.annotation.AnnotationConfigApplicationContext@43306629: startup date [Sat Aug 27 20:27:25 SGT 2016]; root of context hierarchy
2016-08-27 20:27:25.981  INFO 19376 --- [    Test worker] f.a.AutowiredAnnotationBeanPostProcessor : JSR-330 'javax.inject.Inject' annotation found and supported for autowiring
2016-08-27 20:27:26.061  INFO 19376 --- [    Test worker] trationDelegate$BeanPostProcessorChecker : Bean 'configurationPropertiesRebinderAutoConfiguration' of type [class org.springframework.cloud.autoconfigure.ConfigurationPropertiesRebinderAutoConfiguration$$EnhancerBySpringCGLIB$$2d445f4b] is not eligible for getting processed by all BeanPostProcessors (for example: not eligible for auto-proxying)

  .   ____          _            __ _ _
 /\\ / ___'_ __ _ _(_)_ __  __ _ \ \ \ \
( ( )\___ | '_ | '_| | '_ \/ _` | \ \ \ \
 \\/  ___)| |_)| | | | | || (_| |  ) ) ) )
  '  |____| .__|_| |_|_| |_\__, | / / / /
 =========|_|==============|___/=/_/_/_/
 :: Spring Boot ::        (v1.4.0.RELEASE)

2016-08-27 20:27:26.642  INFO 19376 --- [    Test worker] .m.d.o.p.OcrParticipantsApplicationTests : No active profile set, falling back to default profiles: default
2016-08-27 20:27:26.652  INFO 19376 --- [    Test worker] o.s.w.c.s.GenericWebApplicationContext   : Refreshing org.springframework.web.context.support.GenericWebApplicationContext@58e71803: startup date [Sat Aug 27 20:27:26 SGT 2016]; parent: org.springframework.context.annotation.AnnotationConfigApplicationContext@43306629
2016-08-27 20:27:27.749  WARN 19376 --- [    Test worker] o.s.c.a.ConfigurationClassPostProcessor  : Cannot enhance @Configuration bean definition 'refreshScope' since its singleton instance has been created too early. The typical cause is a non-static @Bean method with a BeanDefinitionRegistryPostProcessor return type: Consider declaring such methods as 'static'.
2016-08-27 20:27:27.875  INFO 19376 --- [    Test worker] o.s.cloud.context.scope.GenericScope     : BeanFactory id=34914d2e-3bf9-3fce-adcc-979c82e445be
2016-08-27 20:27:27.924  INFO 19376 --- [    Test worker] f.a.AutowiredAnnotationBeanPostProcessor : JSR-330 'javax.inject.Inject' annotation found and supported for autowiring
2016-08-27 20:27:27.951  INFO 19376 --- [    Test worker] trationDelegate$BeanPostProcessorChecker : Bean 'org.springframework.cloud.autoconfigure.ConfigurationPropertiesRebinderAutoConfiguration' of type [class org.springframework.cloud.autoconfigure.ConfigurationPropertiesRebinderAutoConfiguration$$EnhancerBySpringCGLIB$$2d445f4b] is not eligible for getting processed by all BeanPostProcessors (for example: not eligible for auto-proxying)
2016-08-27 20:27:29.092  INFO 19376 --- [    Test worker] s.w.s.m.m.a.RequestMappingHandlerAdapter : Looking for @ControllerAdvice: org.springframework.web.context.support.GenericWebApplicationContext@58e71803: startup date [Sat Aug 27 20:27:26 SGT 2016]; parent: org.springframework.context.annotation.AnnotationConfigApplicationContext@43306629
2016-08-27 20:27:29.407  INFO 19376 --- [    Test worker] s.w.s.m.m.a.RequestMappingHandlerMapping : Mapped "{[/]}" onto public java.util.List<com.mountainwind.demo.orc.participants.Participant> com.mountainwind.demo.orc.participants.OcrParticipantsApplication.getParticipants()
2016-08-27 20:27:29.409  INFO 19376 --- [    Test worker] s.w.s.m.m.a.RequestMappingHandlerMapping : Mapped "{[/races/{id}]}" onto public java.util.List<com.mountainwind.demo.orc.participants.Participant> com.mountainwind.demo.orc.participants.OcrParticipantsApplication.getParticipants(java.lang.String)
2016-08-27 20:27:29.412  INFO 19376 --- [    Test worker] s.w.s.m.m.a.RequestMappingHandlerMapping : Mapped "{[/error]}" onto public org.springframework.http.ResponseEntity<java.util.Map<java.lang.String, java.lang.Object>> org.springframework.boot.autoconfigure.web.BasicErrorController.error(javax.servlet.http.HttpServletRequest)
2016-08-27 20:27:29.413  INFO 19376 --- [    Test worker] s.w.s.m.m.a.RequestMappingHandlerMapping : Mapped "{[/error],produces=[text/html]}" onto public org.springframework.web.servlet.ModelAndView org.springframework.boot.autoconfigure.web.BasicErrorController.errorHtml(javax.servlet.http.HttpServletRequest,javax.servlet.http.HttpServletResponse)
2016-08-27 20:27:29.479  INFO 19376 --- [    Test worker] o.s.w.s.handler.SimpleUrlHandlerMapping  : Mapped URL path [/webjars/**] onto handler of type [class org.springframework.web.servlet.resource.ResourceHttpRequestHandler]
2016-08-27 20:27:29.479  INFO 19376 --- [    Test worker] o.s.w.s.handler.SimpleUrlHandlerMapping  : Mapped URL path [/**] onto handler of type [class org.springframework.web.servlet.resource.ResourceHttpRequestHandler]
2016-08-27 20:27:29.543  INFO 19376 --- [    Test worker] o.s.w.s.handler.SimpleUrlHandlerMapping  : Mapped URL path [/**/favicon.ico] onto handler of type [class org.springframework.web.servlet.resource.ResourceHttpRequestHandler]
2016-08-27 20:27:29.955  WARN 19376 --- [    Test worker] c.n.c.sources.URLConfigurationSource     : No URLs will be polled as dynamic configuration sources.
2016-08-27 20:27:29.955  INFO 19376 --- [    Test worker] c.n.c.sources.URLConfigurationSource     : To enable URLs as dynamic configuration sources, define System property archaius.configurationSource.additionalUrls or make config.properties available on classpath.
2016-08-27 20:27:29.966  WARN 19376 --- [    Test worker] c.n.c.sources.URLConfigurationSource     : No URLs will be polled as dynamic configuration sources.
2016-08-27 20:27:29.966  INFO 19376 --- [    Test worker] c.n.c.sources.URLConfigurationSource     : To enable URLs as dynamic configuration sources, define System property archaius.configurationSource.additionalUrls or make config.properties available on classpath.
2016-08-27 20:27:30.313  INFO 19376 --- [    Test worker] o.s.c.support.DefaultLifecycleProcessor  : Starting beans in phase 0
2016-08-27 20:27:30.329  INFO 19376 --- [    Test worker] .m.d.o.p.OcrParticipantsApplicationTests : Started OcrParticipantsApplicationTests in 5.631 seconds (JVM running for 7.183)
]]></system-out>
  <system-err><![CDATA[]]></system-err>
</testsuite>
